Performing C SOURCE FILE Test CMAKE_HAVE_LIBC_PTHREAD failed with the following output:
Change Dir: /home/hamed/git/RideSharing/include/dlib-19.19/build/CMakeFiles/CMakeTmp

Run Build Command(s):/usr/bin/make cmTC_71bfe/fast && /usr/bin/make  -f CMakeFiles/cmTC_71bfe.dir/build.make CMakeFiles/cmTC_71bfe.dir/build
make[1]: Entering directory '/home/hamed/git/RideSharing/include/dlib-19.19/build/CMakeFiles/CMakeTmp'
Building C object CMakeFiles/cmTC_71bfe.dir/src.c.o
/usr/bin/cc   -DCMAKE_HAVE_LIBC_PTHREAD   -o CMakeFiles/cmTC_71bfe.dir/src.c.o   -c /home/hamed/git/RideSharing/include/dlib-19.19/build/CMakeFiles/CMakeTmp/src.c
Linking C executable cmTC_71bfe
/snap/cmake/323/bin/cmake -E cmake_link_script CMakeFiles/cmTC_71bfe.dir/link.txt --verbose=1
/usr/bin/cc  -DCMAKE_HAVE_LIBC_PTHREAD    -rdynamic CMakeFiles/cmTC_71bfe.dir/src.c.o  -o cmTC_71bfe 
CMakeFiles/cmTC_71bfe.dir/src.c.o: In function `main':
src.c:(.text+0x3e): undefined reference to `pthread_create'
src.c:(.text+0x4a): undefined reference to `pthread_detach'
src.c:(.text+0x56): undefined reference to `pthread_cancel'
src.c:(.text+0x67): undefined reference to `pthread_join'
src.c:(.text+0x7b): undefined reference to `pthread_atfork'
collect2: error: ld returned 1 exit status
CMakeFiles/cmTC_71bfe.dir/build.make:106: recipe for target 'cmTC_71bfe' failed
make[1]: *** [cmTC_71bfe] Error 1
make[1]: Leaving directory '/home/hamed/git/RideSharing/include/dlib-19.19/build/CMakeFiles/CMakeTmp'
Makefile:141: recipe for target 'cmTC_71bfe/fast' failed
make: *** [cmTC_71bfe/fast] Error 2


Source file was:
#include <pthread.h>

void* test_func(void* data)
{
  return data;
}

int main(void)
{
  pthread_t thread;
  pthread_create(&thread, NULL, test_func, NULL);
  pthread_detach(thread);
  pthread_cancel(thread);
  pthread_join(thread, NULL);
  pthread_atfork(NULL, NULL, NULL);
  pthread_exit(NULL);

  return 0;
}

Determining if the function pthread_create exists in the pthreads failed with the following output:
Change Dir: /home/hamed/git/RideSharing/include/dlib-19.19/build/CMakeFiles/CMakeTmp

Run Build Command(s):/usr/bin/make cmTC_de73b/fast && /usr/bin/make  -f CMakeFiles/cmTC_de73b.dir/build.make CMakeFiles/cmTC_de73b.dir/build
make[1]: Entering directory '/home/hamed/git/RideSharing/include/dlib-19.19/build/CMakeFiles/CMakeTmp'
Building C object CMakeFiles/cmTC_de73b.dir/CheckFunctionExists.c.o
/usr/bin/cc   -DCHECK_FUNCTION_EXISTS=pthread_create   -o CMakeFiles/cmTC_de73b.dir/CheckFunctionExists.c.o   -c /snap/cmake/323/share/cmake-3.17/Modules/CheckFunctionExists.c
Linking C executable cmTC_de73b
/snap/cmake/323/bin/cmake -E cmake_link_script CMakeFiles/cmTC_de73b.dir/link.txt --verbose=1
/usr/bin/cc  -DCHECK_FUNCTION_EXISTS=pthread_create    -rdynamic CMakeFiles/cmTC_de73b.dir/CheckFunctionExists.c.o  -o cmTC_de73b  -lpthreads 
/usr/bin/ld: cannot find -lpthreads
collect2: error: ld returned 1 exit status
CMakeFiles/cmTC_de73b.dir/build.make:106: recipe for target 'cmTC_de73b' failed
make[1]: *** [cmTC_de73b] Error 1
make[1]: Leaving directory '/home/hamed/git/RideSharing/include/dlib-19.19/build/CMakeFiles/CMakeTmp'
Makefile:141: recipe for target 'cmTC_de73b/fast' failed
make: *** [cmTC_de73b/fast] Error 2



Determining if the function sgemm_ exists failed with the following output:
Change Dir: /home/hamed/git/RideSharing/include/dlib-19.19/build/CMakeFiles/CMakeTmp

Run Build Command(s):/usr/bin/make cmTC_aa2c0/fast && /usr/bin/make  -f CMakeFiles/cmTC_aa2c0.dir/build.make CMakeFiles/cmTC_aa2c0.dir/build
make[1]: Entering directory '/home/hamed/git/RideSharing/include/dlib-19.19/build/CMakeFiles/CMakeTmp'
Building C object CMakeFiles/cmTC_aa2c0.dir/CheckFunctionExists.c.o
/usr/bin/cc   -DCHECK_FUNCTION_EXISTS=sgemm_   -o CMakeFiles/cmTC_aa2c0.dir/CheckFunctionExists.c.o   -c /snap/cmake/323/share/cmake-3.17/Modules/CheckFunctionExists.c
Linking C executable cmTC_aa2c0
/snap/cmake/323/bin/cmake -E cmake_link_script CMakeFiles/cmTC_aa2c0.dir/link.txt --verbose=1
/usr/bin/cc  -DCHECK_FUNCTION_EXISTS=sgemm_    -rdynamic CMakeFiles/cmTC_aa2c0.dir/CheckFunctionExists.c.o  -o cmTC_aa2c0 
CMakeFiles/cmTC_aa2c0.dir/CheckFunctionExists.c.o: In function `main':
CheckFunctionExists.c:(.text+0x10): undefined reference to `sgemm_'
collect2: error: ld returned 1 exit status
CMakeFiles/cmTC_aa2c0.dir/build.make:106: recipe for target 'cmTC_aa2c0' failed
make[1]: *** [cmTC_aa2c0] Error 1
make[1]: Leaving directory '/home/hamed/git/RideSharing/include/dlib-19.19/build/CMakeFiles/CMakeTmp'
Makefile:141: recipe for target 'cmTC_aa2c0/fast' failed
make: *** [cmTC_aa2c0/fast] Error 2



